<?xml version="1.0" encoding="utf-8"?><testsuites name="pytest tests"><testsuite name="pytest" errors="0" failures="0" skipped="0" tests="19" time="7.302" timestamp="2026-08-11T08:26:13.822168+00:00" hostname="agent-env-d0939d92-b002-4a97-ada4-15f8c8815e55"><testcase classname="tests.test_commission_rbac_lifecycle.TestRBACSchemes" name="test_sales_403_get_schemes" time="1.759" /><testcase classname="tests.test_commission_rbac_lifecycle.TestRBACSchemes" name="test_accounting_get_schemes_ok" time="0.140" /><testcase classname="tests.test_commission_rbac_lifecycle.TestRBACSchemes" name="test_super_get_schemes_ok" time="0.145" /><testcase classname="tests.test_commission_rbac_lifecycle.TestRBACSchemes" name="test_accounting_403_create_scheme" time="0.139" /><testcase classname="tests.test_commission_rbac_lifecycle.TestRBACSchemes" name="test_super_create_update_delete_scheme" time="0.815" /><testcase classname="tests.test_commission_rbac_lifecycle.TestRBACSettings" name="test_sales_403_get_settings" time="0.138" /><testcase classname="tests.test_commission_rbac_lifecycle.TestRBACSettings" name="test_accounting_get_settings" time="0.151" /><testcase classname="tests.test_commission_rbac_lifecycle.TestRBACSettings" name="test_accounting_403_put_settings" time="0.141" /><testcase classname="tests.test_commission_rbac_lifecycle.TestRBACSettings" name="test_super_put_settings" time="0.155" /><testcase classname="tests.test_commission_rbac_lifecycle.TestRBACClosingsAndLines" name="test_sales_403[GET-/commissions/closings]" time="0.153" /><testcase classname="tests.test_commission_rbac_lifecycle.TestRBACClosingsAndLines" name="test_sales_403[POST-/commissions/closings]" time="0.167" /><testcase classname="tests.test_commission_rbac_lifecycle.TestRBACClosingsAndLines" name="test_sales_403[GET-/commissions/closings/2099-01]" time="0.159" /><testcase classname="tests.test_commission_rbac_lifecycle.TestRBACClosingsAndLines" name="test_sales_403[POST-/commissions/closings/2099-01/calculate]" time="0.150" /><testcase classname="tests.test_commission_rbac_lifecycle.TestRBACClosingsAndLines" name="test_sales_403[PATCH-/commissions/closings/2099-01/status]" time="0.140" /><testcase classname="tests.test_commission_rbac_lifecycle.TestRBACClosingsAndLines" name="test_sales_403[POST-/commissions/closings/2099-01/reopen]" time="0.137" /><testcase classname="tests.test_commission_rbac_lifecycle.TestRBACClosingsAndLines" name="test_accounting_403_reopen" time="0.269" /><testcase classname="tests.test_commission_rbac_lifecycle.TestLifecycle" name="test_full_lifecycle" time="1.849" /><testcase classname="tests.test_commission_rbac_lifecycle.TestMyCommission" name="test_sales_my" time="0.144" /><testcase classname="tests.test_commission_rbac_lifecycle.TestMyCommission" name="test_accounting_my_forbidden" time="0.330" /></testsuite></testsuites>