<?xml version="1.0" encoding="utf-8"?><testsuites name="pytest tests"><testsuite name="pytest" errors="0" failures="0" skipped="0" tests="14" time="8.843" timestamp="2026-08-13T00:44:14.844348+00:00" hostname="agent-env-d0939d92-b002-4a97-ada4-15f8c8815e55"><testcase classname="tests.test_doc_template_preview" name="test_preview_ok_with_dirty_html[invoice-extra0]" time="1.242" /><testcase classname="tests.test_doc_template_preview" name="test_preview_ok_with_dirty_html[quotation-extra1]" time="0.493" /><testcase classname="tests.test_doc_template_preview" name="test_preview_ok_with_dirty_html[receipt-extra2]" time="0.281" /><testcase classname="tests.test_doc_template_preview" name="test_preview_quotation_with_ul" time="0.462" /><testcase classname="tests.test_doc_template_preview" name="test_preview_quotation_attributed_html[&lt;i style=&quot;color:red&quot;&gt;x&lt;/i&gt;]" time="0.446" /><testcase classname="tests.test_doc_template_preview" name="test_preview_quotation_attributed_html[&lt;ol&gt;&lt;li style=&quot;margin:0&quot;&gt;Bayar &lt;b class=&quot;foo&quot;&gt;DP&lt;/b&gt; 50%&lt;/li&gt;&lt;li&gt;Pelunasan &lt;u style=&quot;text-decoration:underline&quot;&gt;H-30&lt;/u&gt;&lt;/li&gt;&lt;/ol&gt;]" time="0.519" /><testcase classname="tests.test_doc_template_preview" name="test_preview_quotation_attributed_html[&lt;i style=&quot;font-size:0.875rem; color:rgb(15,23,41)&quot;&gt;Syarat quotation&lt;/i&gt;&lt;div&gt;&lt;i style=&quot;color:blue&quot;&gt;Berlaku 30 hari&lt;/i&gt;&lt;/div&gt;]" time="0.520" /><testcase classname="tests.test_doc_template_preview" name="test_preview_quotation_attributed_html[Line1&lt;br style=&quot;clear:both&quot;&gt;Line2&lt;br /&gt;Line3&lt;br class=&quot;foo&quot;/&gt;]" time="0.533" /><testcase classname="tests.test_doc_template_preview" name="test_preview_all_kinds_attributed[invoice-invoice_terms]" time="0.531" /><testcase classname="tests.test_doc_template_preview" name="test_preview_all_kinds_attributed[quotation-quotation_terms]" time="0.515" /><testcase classname="tests.test_doc_template_preview" name="test_preview_invoice_defaults" time="0.439" /><testcase classname="tests.test_doc_template_preview" name="test_put_and_get_doc_template_persists_terms" time="0.394" /><testcase classname="tests.test_doc_template_preview" name="test_regression_invoice_and_quotation_pdf" time="0.628" /><testcase classname="tests.test_doc_template_preview" name="test_regression_quotation_pdf" time="0.539" /></testsuite></testsuites>