<?xml version="1.0" encoding="utf-8"?><testsuites name="pytest tests"><testsuite name="pytest" errors="0" failures="0" skipped="0" tests="8" time="5.422" timestamp="2026-08-13T00:37:07.574153+00:00" hostname="agent-env-d0939d92-b002-4a97-ada4-15f8c8815e55"><testcase classname="tests.test_doc_template_preview" name="test_preview_ok_with_dirty_html[invoice-extra0]" time="1.446" /><testcase classname="tests.test_doc_template_preview" name="test_preview_ok_with_dirty_html[quotation-extra1]" time="0.568" /><testcase classname="tests.test_doc_template_preview" name="test_preview_ok_with_dirty_html[receipt-extra2]" time="0.357" /><testcase classname="tests.test_doc_template_preview" name="test_preview_quotation_with_ul" time="0.429" /><testcase classname="tests.test_doc_template_preview" name="test_preview_invoice_defaults" time="0.507" /><testcase classname="tests.test_doc_template_preview" name="test_put_and_get_doc_template_persists_terms" time="0.499" /><testcase classname="tests.test_doc_template_preview" name="test_regression_invoice_and_quotation_pdf" time="0.714" /><testcase classname="tests.test_doc_template_preview" name="test_regression_quotation_pdf" time="0.663" /></testsuite></testsuites>