<?xml version="1.0" encoding="utf-8"?><testsuites name="pytest tests"><testsuite name="pytest" errors="0" failures="0" skipped="0" tests="10" time="5.675" timestamp="2026-08-22T16:04:51.382721+00:00" hostname="agent-env-d0939d92-b002-4a97-ada4-15f8c8815e55"><testcase classname="tests.test_hotel_module.TestHotelRBAC" name="test_settings_admin_200" time="1.130" /><testcase classname="tests.test_hotel_module.TestHotelSettingsMasking" name="test_put_settings_encrypts_and_masks" time="1.306" /><testcase classname="tests.test_hotel_module.TestHotelSettingsMasking" name="test_get_after_put_persists" time="0.434" /><testcase classname="tests.test_hotel_module.TestHotelGracefulFailure" name="test_connection_returns_json_not_500" time="0.567" /><testcase classname="tests.test_hotel_module.TestHotelRBAC" name="test_settings_sales_403" time="0.827" /><testcase classname="tests.test_hotel_module.TestHotelRBAC" name="test_logs_admin_200" time="0.305" /><testcase classname="tests.test_hotel_module.TestHotelRBAC" name="test_logs_sales_403" time="0.229" /><testcase classname="tests.test_hotel_module.TestHotelRBAC" name="test_search_history_any_user" time="0.451" /><testcase classname="tests.test_hotel_module.TestHotelGracefulFailure" name="test_search_graceful" time="1.132" /><testcase classname="tests.test_hotel_module.TestHotelLogsNoLeak" name="test_logs_have_no_api_key" time="0.231" /></testsuite></testsuites>