<?xml version="1.0" encoding="utf-8"?><testsuites name="pytest tests"><testsuite name="pytest" errors="0" failures="0" skipped="0" tests="13" time="8.602" timestamp="2026-08-22T16:47:20.533951+00:00" hostname="agent-env-d0939d92-b002-4a97-ada4-15f8c8815e55"><testcase classname="tests.test_hotel3_addquotation.TestCustomerDedupe" name="test_new_customer_with_matching_whatsapp_reuses" time="2.067" /><testcase classname="tests.test_hotel3_addquotation.TestActivityAndTimeline" name="test_sales_activity_recorded" time="2.230" /><testcase classname="tests.test_hotel3_addquotation.TestCustomerDedupe" name="test_brand_new_customer_created" time="0.781" /><testcase classname="tests.test_hotel3_addquotation.TestActivityAndTimeline" name="test_customer_360_has_hotel_timeline_entry" time="0.771" /><testcase classname="tests.test_hotel3_addquotation.TestHotelStats" name="test_stats_admin" time="0.331" /><testcase classname="tests.test_hotel3_addquotation.TestActivityAndTimeline" name="test_hotel_search_logs_timeline" time="1.615" /><testcase classname="tests.test_hotel3_addquotation.TestHotelStats" name="test_stats_sales_scoped" time="1.119" /><testcase classname="tests.test_hotel3_addquotation.TestAddToQuotationCreate" name="test_create_new_hotel_only_quotation" time="0.398" /><testcase classname="tests.test_hotel3_addquotation.TestAddToQuotationAppend" name="test_append_second_hotel_item" time="0.881" /><testcase classname="tests.test_hotel3_addquotation.TestAddToQuotationRBAC" name="test_accounting_forbidden" time="0.785" /><testcase classname="tests.test_hotel3_addquotation.TestAddToQuotationRBAC" name="test_sales_allowed" time="0.255" /><testcase classname="tests.test_hotel3_addquotation.TestQuotationHotelPDF" name="test_pdf_renders_with_hotel" time="1.195" /><testcase classname="tests.test_hotel3_addquotation.TestQuotationRegression" name="test_create_package_quotation_unchanged_by_hotel" time="0.546" /></testsuite></testsuites>