<?xml version="1.0" encoding="utf-8"?><testsuites name="pytest tests"><testsuite name="pytest" errors="0" failures="0" skipped="0" tests="8" time="4.723" timestamp="2026-08-13T01:43:39.266992+00:00" hostname="agent-env-d0939d92-b002-4a97-ada4-15f8c8815e55"><testcase classname="tests.test_phase_invoice_pic.TestRBAC" name="test_sales_cannot_change_pic" time="1.085" /><testcase classname="tests.test_phase_invoice_pic.TestRBAC" name="test_sales_cannot_bulk_reassign" time="0.160" /><testcase classname="tests.test_phase_invoice_pic.TestInvoiceFlow" name="test_create_invoice_nominal" time="1.267" /><testcase classname="tests.test_phase_invoice_pic.TestInvoiceFlow" name="test_edit_invoice" time="0.664" /><testcase classname="tests.test_phase_invoice_pic.TestPicChangeActivity" name="test_pic_change_logs_timeline" time="1.239" /><testcase classname="tests.test_phase_invoice_pic.TestInvoiceFlow" name="test_regenerate_reverts" time="0.162" /><testcase classname="tests.test_phase_invoice_pic.TestInvoiceFlow" name="test_delete_blocked_when_payment_exists" time="0.610" /><testcase classname="tests.test_phase_invoice_pic.TestBulkReassign" name="test_bulk_reassign_and_revert" time="1.185" /></testsuite></testsuites>