<?xml version="1.0" encoding="utf-8"?><testsuites name="pytest tests"><testsuite name="pytest" errors="0" failures="0" skipped="1" tests="29" time="11.255" timestamp="2026-08-13T03:23:41.954772+00:00" hostname="agent-env-d0939d92-b002-4a97-ada4-15f8c8815e55"><testcase classname="tests.test_phase9p_uat" name="test_rbac_sales_forbidden[GET-/hpp]" time="0.738" /><testcase classname="tests.test_phase9p_uat" name="test_rbac_sales_forbidden[GET-/accounting-dashboard]" time="0.163" /><testcase classname="tests.test_phase9p_uat" name="test_rbac_sales_forbidden[GET-/tax-config]" time="0.164" /><testcase classname="tests.test_phase9p_uat" name="test_rbac_sales_forbidden[GET-/tax-masters]" time="0.160" /><testcase classname="tests.test_phase9p_uat" name="test_rbac_sales_forbidden[GET-/tax-dashboard]" time="0.144" /><testcase classname="tests.test_phase9p_uat" name="test_rbac_sales_forbidden[GET-/integrations/n8n]" time="0.160" /><testcase classname="tests.test_phase9p_uat" name="test_rbac_sales_forbidden[GET-/integrations/n8n/monitor]" time="0.167" /><testcase classname="tests.test_phase9p_uat" name="test_rbac_sales_forbidden[GET-/forecast/dashboard]" time="0.142" /><testcase classname="tests.test_phase9p_uat" name="test_rbac_sales_forbidden[GET-/reports/pic-changes]" time="0.166" /><testcase classname="tests.test_phase9p_uat" name="test_rbac_sales_forbidden[GET-/supplier-costs]" time="0.167" /><testcase classname="tests.test_phase9p_uat" name="test_rbac_sales_forbidden[GET-/mgmt-reports/profit-loss]" time="0.164" /><testcase classname="tests.test_phase9p_uat" name="test_rbac_sales_forbidden[GET-/mgmt-reports/balance-sheet]" time="0.159" /><testcase classname="tests.test_phase9p_uat" name="test_rbac_accounting_forbidden[GET-/integrations/n8n]" time="0.661" /><testcase classname="tests.test_phase9p_uat" name="test_rbac_accounting_forbidden[GET-/integrations/n8n/monitor]" time="0.159" /><testcase classname="tests.test_phase9p_uat" name="test_rbac_accounting_forbidden[PUT-/integrations/n8n]" time="0.181" /><testcase classname="tests.test_phase9p_uat" name="test_rbac_accounting_forbidden[GET-/forecast/dashboard]" time="0.184" /><testcase classname="tests.test_phase9p_uat" name="test_rbac_super_admin_allowed_all" time="3.182" /><testcase classname="tests.test_phase9p_uat" name="test_auto_sales_marker_on_existing_bookings" time="0.171" /><testcase classname="tests.test_phase9p_uat" name="test_v1_bookings_requires_n8n_auth" time="0.473" /><testcase classname="tests.test_phase9p_uat" name="test_seat_capacity_decrement" time="0.470"><skipped type="pytest.skip" message="availability shape unexpected: {'package_id': '6a7ae747b318cc5d1875aae7', 'package_name': 'QA-MANUAL-PKG', 'departure_id': None, 'departure_date': '', 'total_seat': 0, 'booked_seat': 0, 'available_seat': 0}">/app/backend/tests/test_phase9p_uat.py:148: availability shape unexpected: {'package_id': '6a7ae747b318cc5d1875aae7', 'package_name': 'QA-MANUAL-PKG', 'departure_id': None, 'departure_date': '', 'total_seat': 0, 'booked_seat': 0, 'available_seat': 0}</skipped></testcase><testcase classname="tests.test_phase9p_uat" name="test_balance_sheet_balanced" time="0.165" /><testcase classname="tests.test_phase9p_uat" name="test_tax_snapshot_preserved_on_existing_invoice" time="0.347" /><testcase classname="tests.test_phase9p_uat" name="test_refund_cap_never_exceeds_total_paid" time="0.502" /><testcase classname="tests.test_phase9p_uat" name="test_sales_cannot_see_profit_or_hpp" time="0.321" /><testcase classname="tests.test_phase9p_uat" name="test_commission_payout_next_month" time="0.162" /><testcase classname="tests.test_phase9p_uat" name="test_audit_log_writes_on_customer_update" time="0.927" /><testcase classname="tests.test_phase9p_uat" name="test_invoice_delete_blocked_when_paid" time="0.341" /><testcase classname="tests.test_phase9p_uat" name="test_invalid_booking_returns_clean_error" time="0.152" /><testcase classname="tests.test_phase9p_uat" name="test_accounting_dashboard_ok_for_accounting" time="0.162" /></testsuite></testsuites>