<?xml version="1.0" encoding="utf-8"?><testsuites name="pytest tests"><testsuite name="pytest" errors="0" failures="0" skipped="1" tests="16" time="7.219" timestamp="2026-08-11T07:58:22.931069+00:00" hostname="agent-env-d0939d92-b002-4a97-ada4-15f8c8815e55"><testcase classname="tests.test_phase6_n8n" name="test_get_n8n_config" time="0.930" /><testcase classname="tests.test_phase6_n8n" name="test_get_n8n_events_catalog" time="0.209" /><testcase classname="tests.test_phase6_n8n" name="test_put_n8n_config_persists" time="0.353" /><testcase classname="tests.test_phase6_n8n" name="test_n8n_test_when_disabled" time="0.197" /><testcase classname="tests.test_phase6_n8n" name="test_n8n_logs_serializable" time="0.187" /><testcase classname="tests.test_phase6_n8n" name="test_payment_reminders_dispatch" time="0.189" /><testcase classname="tests.test_phase6_n8n" name="test_rbac_sales_forbidden[/integrations/n8n-GET]" time="0.734" /><testcase classname="tests.test_phase6_n8n" name="test_rbac_sales_forbidden[/integrations/n8n/events-GET]" time="0.157" /><testcase classname="tests.test_phase6_n8n" name="test_rbac_sales_forbidden[/integrations/n8n/logs-GET]" time="0.156" /><testcase classname="tests.test_phase6_n8n" name="test_rbac_sales_forbidden[/integrations/n8n/test-POST]" time="0.160" /><testcase classname="tests.test_phase6_n8n" name="test_rbac_accounting_forbidden[/integrations/n8n-GET]" time="0.721" /><testcase classname="tests.test_phase6_n8n" name="test_rbac_accounting_forbidden[/integrations/n8n/events-GET]" time="0.152" /><testcase classname="tests.test_phase6_n8n" name="test_rbac_accounting_forbidden[/integrations/n8n/logs-GET]" time="0.160" /><testcase classname="tests.test_phase6_n8n" name="test_rbac_accounting_forbidden[/integrations/n8n/test-POST]" time="0.183" /><testcase classname="tests.test_phase6_n8n" name="test_quotation_created_triggers_n8n_log" time="0.534"><skipped type="pytest.skip" message="quotation create failed with schema 422: {&quot;detail&quot;:[{&quot;type&quot;:&quot;missing&quot;,&quot;loc&quot;:[&quot;body&quot;,&quot;package_id&quot;],&quot;msg&quot;:&quot;Field required&quot;,&quot;input&quot;:{&quot;customer_id&quot;:&quot;6a7a88415cad6f678e729b12&quot;,&quot;title&quot;:&quot;TEST_Phase6_Quotation&quot;,&quot;items&quot;:[{&quot;description&quot;:&quot;Test item&quot;,&quot;q">/app/backend/tests/test_phase6_n8n.py:182: quotation create failed with schema 422: {"detail":[{"type":"missing","loc":["body","package_id"],"msg":"Field required","input":{"customer_id":"6a7a88415cad6f678e729b12","title":"TEST_Phase6_Quotation","items":[{"description":"Test item","q</skipped></testcase><testcase classname="tests.test_phase6_n8n" name="test_zzz_cleanup_reset_config" time="0.385" /></testsuite></testsuites>