<?xml version="1.0" encoding="utf-8"?><testsuites name="pytest tests"><testsuite name="pytest" errors="0" failures="0" skipped="0" tests="51" time="11.983" timestamp="2026-08-12T12:31:20.248940+00:00" hostname="agent-env-d0939d92-b002-4a97-ada4-15f8c8815e55"><testcase classname="tests.test_phase8h_report_exports" name="test_export_all_formats_accounting[xlsx-profit-loss]" time="1.872" /><testcase classname="tests.test_phase8h_report_exports" name="test_export_all_formats_accounting[xlsx-balance-sheet]" time="0.202" /><testcase classname="tests.test_phase8h_report_exports" name="test_export_all_formats_accounting[xlsx-cash-flow]" time="0.168" /><testcase classname="tests.test_phase8h_report_exports" name="test_export_all_formats_accounting[xlsx-sales-detail]" time="0.222" /><testcase classname="tests.test_phase8h_report_exports" name="test_export_all_formats_accounting[xlsx-team-performance]" time="0.186" /><testcase classname="tests.test_phase8h_report_exports" name="test_export_all_formats_accounting[xlsx-tax-recap]" time="0.178" /><testcase classname="tests.test_phase8h_report_exports" name="test_export_all_formats_accounting[xlsx-payable]" time="0.268" /><testcase classname="tests.test_phase8h_report_exports" name="test_export_all_formats_accounting[xlsx-receivable-aging]" time="0.160" /><testcase classname="tests.test_phase8h_report_exports" name="test_export_all_formats_accounting[csv-profit-loss]" time="0.257" /><testcase classname="tests.test_phase8h_report_exports" name="test_export_all_formats_accounting[csv-balance-sheet]" time="0.179" /><testcase classname="tests.test_phase8h_report_exports" name="test_export_all_formats_accounting[csv-cash-flow]" time="0.172" /><testcase classname="tests.test_phase8h_report_exports" name="test_export_all_formats_accounting[csv-sales-detail]" time="0.180" /><testcase classname="tests.test_phase8h_report_exports" name="test_export_all_formats_accounting[csv-team-performance]" time="0.170" /><testcase classname="tests.test_phase8h_report_exports" name="test_export_all_formats_accounting[csv-tax-recap]" time="0.167" /><testcase classname="tests.test_phase8h_report_exports" name="test_export_all_formats_accounting[csv-payable]" time="0.172" /><testcase classname="tests.test_phase8h_report_exports" name="test_export_all_formats_accounting[csv-receivable-aging]" time="0.175" /><testcase classname="tests.test_phase8h_report_exports" name="test_export_all_formats_accounting[pdf-profit-loss]" time="0.211" /><testcase classname="tests.test_phase8h_report_exports" name="test_export_all_formats_accounting[pdf-balance-sheet]" time="0.194" /><testcase classname="tests.test_phase8h_report_exports" name="test_export_all_formats_accounting[pdf-cash-flow]" time="0.219" /><testcase classname="tests.test_phase8h_report_exports" name="test_export_all_formats_accounting[pdf-sales-detail]" time="0.174" /><testcase classname="tests.test_phase8h_report_exports" name="test_export_all_formats_accounting[pdf-team-performance]" time="0.201" /><testcase classname="tests.test_phase8h_report_exports" name="test_export_all_formats_accounting[pdf-tax-recap]" time="0.184" /><testcase classname="tests.test_phase8h_report_exports" name="test_export_all_formats_accounting[pdf-payable]" time="0.149" /><testcase classname="tests.test_phase8h_report_exports" name="test_export_all_formats_accounting[pdf-receivable-aging]" time="0.154" /><testcase classname="tests.test_phase8h_report_exports" name="test_sales_forbidden_finance_export[balance-sheet]" time="0.146" /><testcase classname="tests.test_phase8h_report_exports" name="test_sales_forbidden_finance_export[cash-flow]" time="0.150" /><testcase classname="tests.test_phase8h_report_exports" name="test_sales_forbidden_finance_export[payable]" time="0.200" /><testcase classname="tests.test_phase8h_report_exports" name="test_sales_forbidden_finance_export[profit-loss]" time="0.164" /><testcase classname="tests.test_phase8h_report_exports" name="test_sales_forbidden_finance_export[tax-recap]" time="0.194" /><testcase classname="tests.test_phase8h_report_exports" name="test_sales_allowed_own_scoped_export[xlsx-receivable-aging]" time="0.224" /><testcase classname="tests.test_phase8h_report_exports" name="test_sales_allowed_own_scoped_export[xlsx-sales-detail]" time="0.203" /><testcase classname="tests.test_phase8h_report_exports" name="test_sales_allowed_own_scoped_export[xlsx-team-performance]" time="0.235" /><testcase classname="tests.test_phase8h_report_exports" name="test_sales_allowed_own_scoped_export[csv-receivable-aging]" time="0.239" /><testcase classname="tests.test_phase8h_report_exports" name="test_sales_allowed_own_scoped_export[csv-sales-detail]" time="0.174" /><testcase classname="tests.test_phase8h_report_exports" name="test_sales_allowed_own_scoped_export[csv-team-performance]" time="0.173" /><testcase classname="tests.test_phase8h_report_exports" name="test_sales_allowed_own_scoped_export[pdf-receivable-aging]" time="0.186" /><testcase classname="tests.test_phase8h_report_exports" name="test_sales_allowed_own_scoped_export[pdf-sales-detail]" time="0.215" /><testcase classname="tests.test_phase8h_report_exports" name="test_sales_allowed_own_scoped_export[pdf-team-performance]" time="0.178" /><testcase classname="tests.test_phase8h_report_exports" name="test_auth_query_fallback" time="0.179" /><testcase classname="tests.test_phase8h_report_exports" name="test_export_no_auth_401" time="0.160" /><testcase classname="tests.test_phase8h_report_exports" name="test_filename_period_month_year" time="0.166" /><testcase classname="tests.test_phase8h_report_exports" name="test_report_exports_history" time="0.667" /><testcase classname="tests.test_phase8h_report_exports" name="test_phase8g_json_still_ok[profit-loss]" time="0.181" /><testcase classname="tests.test_phase8h_report_exports" name="test_phase8g_json_still_ok[balance-sheet]" time="0.225" /><testcase classname="tests.test_phase8h_report_exports" name="test_phase8g_json_still_ok[cash-flow]" time="0.197" /><testcase classname="tests.test_phase8h_report_exports" name="test_phase8g_json_still_ok[sales-detail]" time="0.212" /><testcase classname="tests.test_phase8h_report_exports" name="test_phase8g_json_still_ok[team-performance]" time="0.177" /><testcase classname="tests.test_phase8h_report_exports" name="test_phase8g_json_still_ok[tax-recap]" time="0.160" /><testcase classname="tests.test_phase8h_report_exports" name="test_phase8g_json_still_ok[payable]" time="0.205" /><testcase classname="tests.test_phase8h_report_exports" name="test_phase8g_json_still_ok[receivable-aging]" time="0.173" /><testcase classname="tests.test_phase8h_report_exports" name="test_unknown_report_404" time="0.179" /></testsuite></testsuites>