<?xml version="1.0" encoding="utf-8"?><testsuites name="pytest tests"><testsuite name="pytest" errors="0" failures="0" skipped="0" tests="5" time="3.902" timestamp="2026-08-12T11:09:44.203498+00:00" hostname="agent-env-d0939d92-b002-4a97-ada4-15f8c8815e55"><testcase classname="tests.test_phase8d_executive" name="test_super_admin_200_and_keys" time="0.880" /><testcase classname="tests.test_phase8d_executive" name="test_month_filter" time="0.310" /><testcase classname="tests.test_phase8d_executive" name="test_profitability_consistency" time="0.156" /><testcase classname="tests.test_phase8d_executive" name="test_rbac_sales_403" time="0.777" /><testcase classname="tests.test_phase8d_executive" name="test_rbac_accounting_403" time="0.823" /></testsuite></testsuites>