<?xml version="1.0" encoding="utf-8"?><testsuites name="pytest tests"><testsuite name="pytest" errors="0" failures="2" skipped="0" tests="18" time="5.660" timestamp="2026-08-12T22:49:12.145442+00:00" hostname="agent-env-d0939d92-b002-4a97-ada4-15f8c8815e55"><testcase classname="tests.test_phase9j_suppliers.TestSuppliers" name="test_create_supplier" time="0.881" /><testcase classname="tests.test_phase9j_suppliers.TestSuppliers" name="test_list_suppliers_contains_created" time="0.167" /><testcase classname="tests.test_phase9j_suppliers.TestSuppliers" name="test_create_missing_name" time="0.192" /><testcase classname="tests.test_phase9j_suppliers.TestSupplierCosts" name="test_create_cost_total" time="0.373" /><testcase classname="tests.test_phase9j_suppliers.TestSupplierCosts" name="test_list_by_package" time="0.136" /><testcase classname="tests.test_phase9j_suppliers.TestSupplierCosts" name="test_summary" time="0.133" /><testcase classname="tests.test_phase9j_suppliers.TestSupplierCosts" name="test_invalid_qty" time="0.186" /><testcase classname="tests.test_phase9j_suppliers.TestSupplierCosts" name="test_delete_cost" time="0.281" /><testcase classname="tests.test_phase9j_suppliers.TestSupplierPayments" name="test_create_partial" time="0.242" /><testcase classname="tests.test_phase9j_suppliers.TestSupplierPayments" name="test_list_computes_outstanding_status_aging" time="0.158"><failure message="AssertionError: assert 'Current' == '1-30'&#10;  &#10;  - 1-30&#10;  + Current">backend/tests/test_phase9j_suppliers.py:168: in test_list_computes_outstanding_status_aging
    assert p["aging"] == "1-30"
E   AssertionError: assert 'Current' == '1-30'
E     
E     - 1-30
E     + Current</failure></testcase><testcase classname="tests.test_phase9j_suppliers.TestSupplierPayments" name="test_paid_full_status" time="0.321"><failure message="AssertionError: assert 'Current' == 'current'&#10;  &#10;  - current&#10;  ? ^&#10;  + Current&#10;  ? ^">backend/tests/test_phase9j_suppliers.py:182: in test_paid_full_status
    assert p["aging"] == "current"
E   AssertionError: assert 'Current' == 'current'
E     
E     - current
E     ? ^
E     + Current
E     ? ^</failure></testcase><testcase classname="tests.test_phase9j_suppliers.TestSupplierPayments" name="test_amount_required_positive" time="0.152" /><testcase classname="tests.test_phase9j_suppliers.TestRBAC" name="test_sales_forbidden_suppliers" time="0.620" /><testcase classname="tests.test_phase9j_suppliers.TestRBAC" name="test_sales_forbidden_costs" time="0.176" /><testcase classname="tests.test_phase9j_suppliers.TestRBAC" name="test_sales_forbidden_payments" time="0.136" /><testcase classname="tests.test_phase9j_suppliers.TestRBAC" name="test_sales_cannot_create_supplier" time="0.133" /><testcase classname="tests.test_phase9j_suppliers.TestRBAC" name="test_accounting_can_access" time="0.994" /><testcase classname="tests.test_phase9j_suppliers.TestHPPIntegration" name="test_package_supplier_costs_endpoint" time="0.155" /></testsuite></testsuites>