<?xml version="1.0" encoding="utf-8"?><testsuites name="pytest tests"><testsuite name="pytest" errors="0" failures="0" skipped="0" tests="10" time="7.114" timestamp="2026-08-12T12:15:38.160654+00:00" hostname="agent-env-d0939d92-b002-4a97-ada4-15f8c8815e55"><testcase classname="tests.test_phase8g_mgmt_reports" name="test_filters_accounting_and_sales" time="2.046" /><testcase classname="tests.test_phase8g_mgmt_reports" name="test_profit_loss_rbac_and_math" time="0.662" /><testcase classname="tests.test_phase8g_mgmt_reports" name="test_profit_loss_filters" time="0.235" /><testcase classname="tests.test_phase8g_mgmt_reports" name="test_balance_sheet" time="0.424" /><testcase classname="tests.test_phase8g_mgmt_reports" name="test_cash_flow" time="0.328" /><testcase classname="tests.test_phase8g_mgmt_reports" name="test_sales_detail_scoping" time="0.481" /><testcase classname="tests.test_phase8g_mgmt_reports" name="test_team_performance" time="0.301" /><testcase classname="tests.test_phase8g_mgmt_reports" name="test_tax_recap" time="0.653" /><testcase classname="tests.test_phase8g_mgmt_reports" name="test_payable" time="0.349" /><testcase classname="tests.test_phase8g_mgmt_reports" name="test_receivable_aging" time="0.491" /></testsuite></testsuites>