<?xml version="1.0" encoding="utf-8"?><testsuites name="pytest tests"><testsuite name="pytest" errors="0" failures="1" skipped="0" tests="15" time="4.275" timestamp="2026-08-12T11:56:01.375335+00:00" hostname="agent-env-d0939d92-b002-4a97-ada4-15f8c8815e55"><testcase classname="tests.test_phase8f_tax_config.TestRBAC" name="test_sales_forbidden_tax_endpoints" time="2.354" /><testcase classname="tests.test_phase8f_tax_config.TestPPNConfig" name="test_list_has_seeded_config" time="2.293" /><testcase classname="tests.test_phase8f_tax_config.TestPPNConfig" name="test_create_ppn_config_v2_future" time="0.055" /><testcase classname="tests.test_phase8f_tax_config.TestPPNConfig" name="test_update_ppn_config_requires_reason_audit" time="0.237" /><testcase classname="tests.test_phase8f_tax_config.TestRBAC" name="test_accounting_allowed_tax_endpoints" time="0.211" /><testcase classname="tests.test_phase8f_tax_config.TestRBAC" name="test_superadmin_allowed" time="0.010" /><testcase classname="tests.test_phase8f_tax_config.TestTaxConfigMaster" name="test_tax_config_types" time="0.015" /><testcase classname="tests.test_phase8f_tax_config.TestPPNConfig" name="test_active_config_resolution_today" time="0.024" /><testcase classname="tests.test_phase8f_tax_config.TestTaxConfigMaster" name="test_tax_master_create_pph21" time="0.017"><failure message="AssertionError: {&quot;detail&quot;:[{&quot;type&quot;:&quot;missing&quot;,&quot;loc&quot;:[&quot;body&quot;,&quot;tax_code&quot;],&quot;msg&quot;:&quot;Field required&quot;,&quot;input&quot;:{&quot;name&quot;:&quot;TEST_PPh21_Karyawan&quot;,&quot;tax_type&quot;:&quot;PPh21&quot;,&quot;rate&quot;:5.0,&quot;treatment&quot;:&quot;EXCLUSIVE&quot;,&quot;tax_base&quot;:&quot;CUSTOM&quot;,&quot;active&quot;:true},&quot;url&quot;:&quot;https://errors.pydantic.dev/2.13/v/missing&quot;},{&quot;type&quot;:&quot;missing&quot;,&quot;loc&quot;:[&quot;body&quot;,&quot;tax_name&quot;],&quot;msg&quot;:&quot;Field required&quot;,&quot;input&quot;:{&quot;name&quot;:&quot;TEST_PPh21_Karyawan&quot;,&quot;tax_type&quot;:&quot;PPh21&quot;,&quot;rate&quot;:5.0,&quot;treatment&quot;:&quot;EXCLUSIVE&quot;,&quot;tax_base&quot;:&quot;CUSTOM&quot;,&quot;active&quot;:true},&quot;url&quot;:&quot;https://errors.pydantic.dev/2.13/v/missing&quot;}]}&#10;assert 422 in (200, 201)&#10; +  where 422 = &lt;Response [422]&gt;.status_code">backend/tests/test_phase8f_tax_config.py:71: in test_tax_master_create_pph21
    assert r.status_code in (200, 201), r.text
E   AssertionError: {"detail":[{"type":"missing","loc":["body","tax_code"],"msg":"Field required","input":{"name":"TEST_PPh21_Karyawan","tax_type":"PPh21","rate":5.0,"treatment":"EXCLUSIVE","tax_base":"CUSTOM","active":true},"url":"https://errors.pydantic.dev/2.13/v/missing"},{"type":"missing","loc":["body","tax_name"],"msg":"Field required","input":{"name":"TEST_PPh21_Karyawan","tax_type":"PPh21","rate":5.0,"treatment":"EXCLUSIVE","tax_base":"CUSTOM","active":true},"url":"https://errors.pydantic.dev/2.13/v/missing"}]}
E   assert 422 in (200, 201)
E    +  where 422 = &lt;Response [422]&gt;.status_code</failure></testcase><testcase classname="tests.test_phase8f_tax_config.TestTaxDashboard" name="test_dashboard_shape" time="0.017" /><testcase classname="tests.test_phase8f_tax_config.TestTaxDashboard" name="test_transactions_shape" time="0.022" /><testcase classname="tests.test_phase8f_tax_config.TestTaxDashboard" name="test_reports_shape" time="0.045" /><testcase classname="tests.test_phase8f_tax_config" name="test_zzz_cleanup" time="0.023" /><testcase classname="tests.test_phase8f_tax_config.TestInvoiceSnapshot" name="test_new_invoice_captures_current_active_config" time="0.098" /><testcase classname="tests.test_phase8f_tax_config.TestInvoiceSnapshot" name="test_old_invoices_unchanged_after_config_edit" time="0.022" /></testsuite></testsuites>