<?xml version="1.0" encoding="utf-8"?><testsuites name="pytest tests"><testsuite name="pytest" errors="0" failures="0" skipped="0" tests="16" time="5.915" timestamp="2026-08-11T03:44:58.680963+00:00" hostname="agent-env-d0939d92-b002-4a97-ada4-15f8c8815e55"><testcase classname="tests.test_phase3_packages.TestSalesHppLeakage" name="test_sales_packages_list_active_only_no_hpp" time="1.315" /><testcase classname="tests.test_phase3_packages.TestAdminFlow" name="test_create_package" time="1.398" /><testcase classname="tests.test_phase3_packages.TestSalesHppLeakage" name="test_sales_package_detail_no_hpp" time="0.403" /><testcase classname="tests.test_phase3_packages.TestAdminFlow" name="test_add_itinerary" time="0.278" /><testcase classname="tests.test_phase3_packages.TestAdminFlow" name="test_add_departure_auto_seat" time="0.197" /><testcase classname="tests.test_phase3_packages.TestSalesHppLeakage" name="test_sales_costing_forbidden" time="0.434" /><testcase classname="tests.test_phase3_packages.TestAdminFlow" name="test_departure_almost_full" time="0.361" /><testcase classname="tests.test_phase3_packages.TestSalesHppLeakage" name="test_sales_create_package_forbidden" time="0.151" /><testcase classname="tests.test_phase3_packages.TestAdminFlow" name="test_save_costing_and_gross_margin" time="0.162" /><testcase classname="tests.test_phase3_packages.TestAdminFlow" name="test_versioning_on_price_change" time="0.716" /><testcase classname="tests.test_phase3_packages.TestAccounting" name="test_accounting_list_has_hpp" time="0.701" /><testcase classname="tests.test_phase3_packages.TestAccounting" name="test_accounting_costing_ok" time="0.331" /><testcase classname="tests.test_phase3_packages.TestAdminFlow" name="test_itinerary_reorder" time="0.615" /><testcase classname="tests.test_phase3_packages.TestAccounting" name="test_accounting_create_forbidden" time="0.181" /><testcase classname="tests.test_phase3_packages.TestAdminFlow" name="test_all_departures_endpoint_sales_scoped" time="0.651" /><testcase classname="tests.test_phase3_packages.TestAdminFlow" name="test_zzz_cleanup" time="0.153" /></testsuite></testsuites>