<?xml version="1.0" encoding="utf-8"?><testsuites name="pytest tests"><testsuite name="pytest" errors="0" failures="0" skipped="0" tests="17" time="8.071" timestamp="2026-08-12T11:38:13.953126+00:00" hostname="agent-env-d0939d92-b002-4a97-ada4-15f8c8815e55"><testcase classname="tests.test_phase8e_commission" name="test_master_packages_super_ok" time="0.913" /><testcase classname="tests.test_phase8e_commission" name="test_master_packages_rbac_sales" time="0.738" /><testcase classname="tests.test_phase8e_commission" name="test_master_packages_rbac_accounting" time="0.823" /><testcase classname="tests.test_phase8e_commission" name="test_calculate_and_priority_tiers" time="0.654" /><testcase classname="tests.test_phase8e_commission" name="test_payout_gating" time="0.500" /><testcase classname="tests.test_phase8e_commission" name="test_approval_requires_reason" time="0.597" /><testcase classname="tests.test_phase8e_commission" name="test_payout_gating_future_month" time="0.162" /><testcase classname="tests.test_phase8e_commission" name="test_super_admin_can_adjust_closed" time="0.165" /><testcase classname="tests.test_phase8e_commission" name="test_pending_approval_lists" time="0.148" /><testcase classname="tests.test_phase8e_commission" name="test_pending_approval_rbac_sales" time="0.173" /><testcase classname="tests.test_phase8e_commission" name="test_pending_approval_rbac_accounting" time="0.254" /><testcase classname="tests.test_phase8e_commission" name="test_approval_endpoint_rbac_accounting" time="0.179" /><testcase classname="tests.test_phase8e_commission" name="test_accounting_summary_groups" time="0.407" /><testcase classname="tests.test_phase8e_commission" name="test_accounting_summary_sales_forbidden" time="0.140" /><testcase classname="tests.test_phase8e_commission" name="test_scheme_create_rbac_accounting" time="0.147" /><testcase classname="tests.test_phase8e_commission" name="test_sales_my_commission_shape" time="0.281" /><testcase classname="tests.test_phase8e_commission" name="test_zzz_cleanup" time="0.021" /></testsuite></testsuites>