<?xml version="1.0" encoding="utf-8"?><testsuites name="pytest tests"><testsuite name="pytest" errors="0" failures="0" skipped="0" tests="12" time="3.424" timestamp="2026-08-11T04:56:20.909283+00:00" hostname="agent-env-d0939d92-b002-4a97-ada4-15f8c8815e55"><testcase classname="tests.test_phase3_pricing_tax.TestCategoryTaxSettings" name="test_update_category_tax" time="0.719" /><testcase classname="tests.test_phase3_pricing_tax.TestCategoryTaxSettings" name="test_get_settings_reflects_tax" time="0.129" /><testcase classname="tests.test_phase3_pricing_tax.TestPrivateTieredPricing" name="test_create_private_umroh_with_tiers" time="0.147" /><testcase classname="tests.test_phase3_pricing_tax.TestPrivateTieredPricing" name="test_get_price_tier_1_pax" time="0.172" /><testcase classname="tests.test_phase3_pricing_tax.TestPrivateTieredPricing" name="test_get_price_tier_4_pax" time="0.158" /><testcase classname="tests.test_phase3_pricing_tax.TestPrivateTieredPricing" name="test_get_price_tier_8_pax" time="0.132" /><testcase classname="tests.test_phase3_pricing_tax.TestOpenTripMinQuota" name="test_create_open_trip_tour" time="0.144" /><testcase classname="tests.test_phase3_pricing_tax.TestOpenTripMinQuota" name="test_open_trip_full_pax" time="0.124" /><testcase classname="tests.test_phase3_pricing_tax.TestOpenTripMinQuota" name="test_open_trip_under_quota_price_rises" time="0.136" /><testcase classname="tests.test_phase3_pricing_tax.TestUmrohPlusTax" name="test_create_umroh_plus_with_tour_portion" time="0.154" /><testcase classname="tests.test_phase3_pricing_tax.TestUmrohPlusTax" name="test_umroh_plus_tax_only_on_tour_portion" time="0.149" /><testcase classname="tests.test_phase3_pricing_tax.TestUmrohPlusTax" name="test_umroh_no_tax" time="1.043" /></testsuite></testsuites>