<?xml version="1.0" encoding="utf-8"?><testsuites name="pytest tests"><testsuite name="pytest" errors="0" failures="0" skipped="0" tests="29" time="1.805" timestamp="2026-08-11T09:11:33.600483+00:00" hostname="agent-env-d0939d92-b002-4a97-ada4-15f8c8815e55"><testcase classname="tests.test_phase7_rbac_manual.TestN8nRBAC" name="test_sales_forbidden[GET-/integrations/n8n/api-config]" time="1.115" /><testcase classname="tests.test_phase7_rbac_manual.TestN8nRBAC" name="test_sales_forbidden[PUT-/integrations/n8n/api-config]" time="0.008" /><testcase classname="tests.test_phase7_rbac_manual.TestN8nRBAC" name="test_sales_forbidden[POST-/integrations/n8n/api-config/generate]" time="0.007" /><testcase classname="tests.test_phase7_rbac_manual.TestN8nRBAC" name="test_sales_forbidden[GET-/integrations/n8n/api-logs]" time="0.007" /><testcase classname="tests.test_phase7_rbac_manual.TestN8nRBAC" name="test_accounting_forbidden[GET-/integrations/n8n/api-config]" time="0.007" /><testcase classname="tests.test_phase7_rbac_manual.TestN8nRBAC" name="test_accounting_forbidden[PUT-/integrations/n8n/api-config]" time="0.013" /><testcase classname="tests.test_phase7_rbac_manual.TestN8nRBAC" name="test_accounting_forbidden[POST-/integrations/n8n/api-config/generate]" time="0.007" /><testcase classname="tests.test_phase7_rbac_manual.TestN8nRBAC" name="test_accounting_forbidden[GET-/integrations/n8n/api-logs]" time="0.007" /><testcase classname="tests.test_phase7_rbac_manual.TestN8nRBAC" name="test_sa_get_config_masked" time="0.009" /><testcase classname="tests.test_phase7_rbac_manual.TestN8nRBAC" name="test_sa_get_logs" time="0.012" /><testcase classname="tests.test_phase7_rbac_manual.TestN8nAuthReject" name="test_missing_api_key" time="0.022" /><testcase classname="tests.test_phase7_rbac_manual.TestN8nAuthReject" name="test_stale_timestamp" time="0.008" /><testcase classname="tests.test_phase7_rbac_manual.TestN8nAuthReject" name="test_valid_signature_accepted" time="0.012" /><testcase classname="tests.test_phase7_rbac_manual.TestHPPSecurity" name="test_sales_hpp_forbidden" time="0.008" /><testcase classname="tests.test_phase7_rbac_manual.TestHPPSecurity" name="test_accounting_hpp_ok" time="0.007" /><testcase classname="tests.test_phase7_rbac_manual.TestHPPSecurity" name="test_sales_packages_hpp_stripped" time="0.012" /><testcase classname="tests.test_phase7_rbac_manual.TestV1BookingValidation" name="test_customer_not_found" time="0.021" /><testcase classname="tests.test_phase7_rbac_manual.TestV1BookingValidation" name="test_package_not_found" time="0.021" /><testcase classname="tests.test_phase7_rbac_manual.TestV1BookingValidation" name="test_package_not_active" time="0.038" /><testcase classname="tests.test_phase7_rbac_manual.TestV1BookingValidation" name="test_invalid_pax" time="0.013" /><testcase classname="tests.test_phase7_rbac_manual.TestV1BookingValidation" name="test_departure_not_found" time="0.013" /><testcase classname="tests.test_phase7_rbac_manual.TestV1BookingValidation" name="test_price_invalid" time="0.014" /><testcase classname="tests.test_phase7_rbac_manual.TestV1BookingValidation" name="test_invalid_traveler" time="0.028" /><testcase classname="tests.test_phase7_rbac_manual.TestManualBookingFlow" name="test_manual_booking_sales_manual" time="0.149" /><testcase classname="tests.test_phase7_rbac_manual.TestV1Scope" name="test_no_out_of_scope_endpoints[/v1/hpp]" time="0.005" /><testcase classname="tests.test_phase7_rbac_manual.TestV1Scope" name="test_no_out_of_scope_endpoints[/v1/users]" time="0.005" /><testcase classname="tests.test_phase7_rbac_manual.TestV1Scope" name="test_no_out_of_scope_endpoints[/v1/audit-logs]" time="0.006" /><testcase classname="tests.test_phase7_rbac_manual.TestV1Scope" name="test_no_out_of_scope_endpoints[/v1/commission-schemes]" time="0.005" /><testcase classname="tests.test_phase7_rbac_manual.TestV1Scope" name="test_no_out_of_scope_endpoints[/v1/tax-rules]" time="0.006" /></testsuite></testsuites>