<?xml version="1.0" encoding="utf-8"?><testsuites name="pytest tests"><testsuite name="pytest" errors="0" failures="0" skipped="0" tests="27" time="6.435" timestamp="2026-08-11T02:37:20.621696+00:00" hostname="agent-env-d0939d92-b002-4a97-ada4-15f8c8815e55"><testcase classname="tests.test_phase2.TestCustomers" name="test_sales_a_create_customer" time="0.819" /><testcase classname="tests.test_phase2.TestCustomers" name="test_sales_a_list_sees_own" time="0.127" /><testcase classname="tests.test_phase2.TestCustomers" name="test_sales_a_get_360" time="0.144" /><testcase classname="tests.test_phase2.TestCustomers" name="test_sales_b_list_does_not_see_a_customer" time="0.630" /><testcase classname="tests.test_phase2.TestCustomers" name="test_sales_b_get_a_customer_403" time="0.141" /><testcase classname="tests.test_phase2.TestCustomers" name="test_sales_b_get_a_customer_360_forbidden" time="0.139" /><testcase classname="tests.test_phase2.TestCustomers" name="test_accounting_customers_forbidden" time="0.617" /><testcase classname="tests.test_phase2.TestCustomers" name="test_super_sees_all_customers" time="0.609" /><testcase classname="tests.test_phase2.TestCustomers" name="test_add_customer_note" time="0.155" /><testcase classname="tests.test_phase2.TestLeads" name="test_sales_a_create_lead" time="0.155" /><testcase classname="tests.test_phase2.TestLeads" name="test_lead_appears_in_list" time="0.158" /><testcase classname="tests.test_phase2.TestLeads" name="test_move_stage" time="0.296" /><testcase classname="tests.test_phase2.TestLeads" name="test_move_stage_qualified" time="0.142" /><testcase classname="tests.test_phase2.TestLeads" name="test_sales_b_cannot_see_lead" time="0.141" /><testcase classname="tests.test_phase2.TestLeads" name="test_sales_b_cannot_move_a_lead" time="0.143" /><testcase classname="tests.test_phase2.TestLeads" name="test_accounting_leads_forbidden" time="0.132" /><testcase classname="tests.test_phase2.TestFollowUps" name="test_create_followup" time="0.135" /><testcase classname="tests.test_phase2.TestFollowUps" name="test_list_followups" time="0.129" /><testcase classname="tests.test_phase2.TestFollowUps" name="test_complete_followup" time="0.146" /><testcase classname="tests.test_phase2.TestFollowUps" name="test_sales_b_cannot_list_a_followups" time="0.138" /><testcase classname="tests.test_phase2.TestSalesDashboard" name="test_sales_a_dashboard" time="0.233" /><testcase classname="tests.test_phase2.TestSalesDashboard" name="test_accounting_sales_dashboard_forbidden" time="0.134" /><testcase classname="tests.test_phase2.TestSearch" name="test_search_customer_by_name" time="0.134" /><testcase classname="tests.test_phase2.TestSearch" name="test_search_accounting_forbidden" time="0.136" /><testcase classname="tests.test_phase2.TestHPPStillForbidden" name="test_sales_hpp_403" time="0.142" /><testcase classname="tests.test_phase2.TestZZZCleanup" name="test_delete_lead" time="0.170" /><testcase classname="tests.test_phase2.TestZZZCleanup" name="test_delete_customer" time="0.183" /></testsuite></testsuites>