<?xml version="1.0" encoding="utf-8"?><testsuites name="pytest tests"><testsuite name="pytest" errors="0" failures="2" skipped="0" tests="9" time="3.313" timestamp="2026-08-12T14:17:39.272204+00:00" hostname="agent-env-d0939d92-b002-4a97-ada4-15f8c8815e55"><testcase classname="tests.test_phase9a_search_c360.TestSearch" name="test_search_by_name_admin" time="0.819" /><testcase classname="tests.test_phase9a_search_c360.TestSearch" name="test_search_by_whatsapp_admin" time="0.239" /><testcase classname="tests.test_phase9a_search_c360.TestSearch" name="test_search_by_booking_number_admin" time="0.275" /><testcase classname="tests.test_phase9a_search_c360.TestSearch" name="test_search_empty_query" time="0.201" /><testcase classname="tests.test_phase9a_search_c360.TestSearch" name="test_search_sales_scoped" time="0.732" /><testcase classname="tests.test_phase9a_search_c360.TestCustomer360" name="test_c360_admin_full" time="0.268" /><testcase classname="tests.test_phase9a_search_c360.TestCustomer360" name="test_c360_customer_no_mongo_id" time="0.212"><failure message="AssertionError: assert '_id' not in {'_id': '6a7c6910f21f8ffb9cb4908f', 'customer_code': 'CUST-00006', 'full_name': 'Budi Test', 'whatsapp': '+6281239998256', ...}&#10; +  where {'_id': '6a7c6910f21f8ffb9cb4908f', 'customer_code': 'CUST-00006', 'full_name': 'Budi Test', 'whatsapp': '+6281239998256', ...} = &lt;built-in method get of dict object at 0x79bd26f9ac00&gt;('customer', {})&#10; +    where &lt;built-in method get of dict object at 0x79bd26f9ac00&gt; = {'customer': {'_id': '6a7c6910f21f8ffb9cb4908f', 'customer_code': 'CUST-00006', 'full_name': 'Budi Test', 'whatsapp': '+6281239998256', ...}, 'leads': [], 'follow_ups': [], 'communications': [], ...}.get&#10; +      where {'customer': {'_id': '6a7c6910f21f8ffb9cb4908f', 'customer_code': 'CUST-00006', 'full_name': 'Budi Test', 'whatsapp': '+6281239998256', ...}, 'leads': [], 'follow_ups': [], 'communications': [], ...} = json()&#10; +        where json = &lt;Response [200]&gt;.json">backend/tests/test_phase9a_search_c360.py:86: in test_c360_customer_no_mongo_id
    assert "_id" not in r.json().get("customer", {})
E   AssertionError: assert '_id' not in {'_id': '6a7c6910f21f8ffb9cb4908f', 'customer_code': 'CUST-00006', 'full_name': 'Budi Test', 'whatsapp': '+6281239998256', ...}
E    +  where {'_id': '6a7c6910f21f8ffb9cb4908f', 'customer_code': 'CUST-00006', 'full_name': 'Budi Test', 'whatsapp': '+6281239998256', ...} = &lt;built-in method get of dict object at 0x79bd26f9ac00&gt;('customer', {})
E    +    where &lt;built-in method get of dict object at 0x79bd26f9ac00&gt; = {'customer': {'_id': '6a7c6910f21f8ffb9cb4908f', 'customer_code': 'CUST-00006', 'full_name': 'Budi Test', 'whatsapp': '+6281239998256', ...}, 'leads': [], 'follow_ups': [], 'communications': [], ...}.get
E    +      where {'customer': {'_id': '6a7c6910f21f8ffb9cb4908f', 'customer_code': 'CUST-00006', 'full_name': 'Budi Test', 'whatsapp': '+6281239998256', ...}, 'leads': [], 'follow_ups': [], 'communications': [], ...} = json()
E    +        where json = &lt;Response [200]&gt;.json</failure></testcase><testcase classname="tests.test_phase9a_search_c360.TestCustomer360" name="test_c360_sales_forbidden_if_not_owner" time="0.172" /><testcase classname="tests.test_phase9a_search_c360.TestCustomer360" name="test_c360_invalid_id" time="0.154"><failure message="assert 500 in (404, 400)&#10; +  where 500 = &lt;Response [500]&gt;.status_code">backend/tests/test_phase9a_search_c360.py:95: in test_c360_invalid_id
    assert r.status_code in (404, 400)
E   assert 500 in (404, 400)
E    +  where 500 = &lt;Response [500]&gt;.status_code</failure></testcase></testsuite></testsuites>