<?xml version="1.0" encoding="utf-8"?><testsuites name="pytest tests"><testsuite name="pytest" errors="0" failures="0" skipped="0" tests="5" time="3.374" timestamp="2026-08-11T03:25:49.580347+00:00" hostname="agent-env-d0939d92-b002-4a97-ada4-15f8c8815e55"><testcase classname="tests.test_pipeline_move" name="test_owner_can_move" time="2.154" /><testcase classname="tests.test_pipeline_move" name="test_super_admin_can_move_any" time="0.449" /><testcase classname="tests.test_pipeline_move" name="test_other_sales_cannot_move_403" time="0.187" /><testcase classname="tests.test_pipeline_move" name="test_hpp_still_forbidden_for_sales" time="0.167" /><testcase classname="tests.test_pipeline_move" name="test_create_lead_regression" time="0.299" /></testsuite></testsuites>