<?xml version="1.0" encoding="utf-8"?><testsuites name="pytest tests"><testsuite name="pytest" errors="0" failures="0" skipped="0" tests="23" time="6.941" timestamp="2026-08-11T01:51:41.911230+00:00" hostname="agent-env-d0939d92-b002-4a97-ada4-15f8c8815e55"><testcase classname="tests.backend_test.TestAuth" name="test_login_super" time="0.670" /><testcase classname="tests.backend_test.TestAuth" name="test_login_invalid" time="0.876" /><testcase classname="tests.backend_test.TestRBAC_SuperAdmin" name="test_super_users_ok" time="1.552" /><testcase classname="tests.backend_test.TestRBAC_SuperAdmin" name="test_super_hpp_ok" time="0.503" /><testcase classname="tests.backend_test.TestAuth" name="test_me_endpoint" time="0.698" /><testcase classname="tests.backend_test.TestRBAC_SuperAdmin" name="test_super_audit_ok" time="0.144" /><testcase classname="tests.backend_test.TestRBAC_SuperAdmin" name="test_super_role_perms_ok" time="0.142" /><testcase classname="tests.backend_test.TestAuth" name="test_forgot_password_success" time="0.851" /><testcase classname="tests.backend_test.TestRBAC_SuperAdmin" name="test_unauthenticated_denied" time="0.163" /><testcase classname="tests.backend_test.TestRBAC_Sales" name="test_sales_hpp_forbidden" time="0.663" /><testcase classname="tests.backend_test.TestAuth" name="test_forgot_password_unknown_email" time="0.151" /><testcase classname="tests.backend_test.TestRBAC_Sales" name="test_sales_users_forbidden" time="0.131" /><testcase classname="tests.backend_test.TestAuth" name="test_reset_password_invalid_token" time="0.143" /><testcase classname="tests.backend_test.TestRBAC_Sales" name="test_sales_audit_forbidden" time="0.142" /><testcase classname="tests.backend_test.TestUserCRUD" name="test_create_user" time="0.613" /><testcase classname="tests.backend_test.TestRBAC_Sales" name="test_sales_role_perms_forbidden" time="0.556" /><testcase classname="tests.backend_test.TestUserCRUD" name="test_get_created_user_in_list" time="0.174" /><testcase classname="tests.backend_test.TestUserCRUD" name="test_update_user" time="0.476" /><testcase classname="tests.backend_test.TestRBAC_Accounting" name="test_acct_hpp_ok" time="0.802" /><testcase classname="tests.backend_test.TestUserCRUD" name="test_delete_user" time="0.162" /><testcase classname="tests.backend_test.TestRBAC_Accounting" name="test_acct_users_forbidden" time="0.169" /><testcase classname="tests.backend_test.TestAudit" name="test_audit_has_entries" time="0.171" /><testcase classname="tests.backend_test.TestRBAC_Accounting" name="test_acct_role_perms_forbidden" time="0.155" /></testsuite></testsuites>